1 31966 3 inserted OK.
2 31967 11 inserted OK.
3 31968 12 inserted OK.
4 31969 13 inserted OK.
5 31970 15 inserted OK.
6 31971 16 inserted OK.
7 31972 19 inserted OK.
8 31973 21 inserted OK.
9 31974 22 inserted OK.
10 31975 25 inserted OK.
11 31976 26 inserted OK.
12 31977 29 inserted OK.
13 31978 30 inserted OK.
14 31979 31 inserted OK.
15 31980 33 inserted OK.
16 31981 34 inserted OK.
17 31982 36 inserted OK.
18 31983 38 inserted OK.
19 31984 39 inserted OK.
20 31985 41 inserted OK.
21 31986 42 inserted OK.
22 31987 43 inserted OK.
23 31988 44 inserted OK.
24 31989 46 inserted OK.
25 31990 50 inserted OK.
26 31991 51 inserted OK.
27 31992 53 inserted OK.
28 31993 54 inserted OK.
29 31994 55 inserted OK.
30 31995 54 inserted OK.
31 31996 57 inserted OK.
32 31997 54 inserted OK.
33 31998 60 inserted OK.
34 31999 61 inserted OK.
35 32000 62 inserted OK.
36 32001 63 inserted OK.
37 32002 68 inserted OK.
38 32003 72 inserted OK.
39 32004 73 inserted OK.
40 32005 74 inserted OK.
41 32006 75 inserted OK.
42 32007 75 inserted OK.
43 32008 85 inserted OK.
44 32009 86 inserted OK.
45 32010 90 inserted OK.
46 32011 90 inserted OK.
47 32012 92 inserted OK.
48 32013 93 inserted OK.
49 32014 94 inserted OK.
50 32015 95 inserted OK.
51 32016 97 inserted OK.
52 32017 98 inserted OK.
53 32018 99 inserted OK.
54 32019 101 inserted OK.
55 32020 102 inserted OK.
56 32021 103 inserted OK.
57 32022 103 inserted OK.
58 32023 105 inserted OK.
59 32024 107 inserted OK.
60 32025 111 inserted OK.
61 32026 112 inserted OK.
62 32027 120 inserted OK.
63 32028 123 inserted OK.
64 32029 126 inserted OK.
65 32030 128 inserted OK.
66 32031 129 inserted OK.
67 32032 131 inserted OK.
68 32033 132 inserted OK.
69 32034 133 inserted OK.
70 32035 134 inserted OK.
71 32036 135 inserted OK.
72 32037 135 inserted OK.
73 32038 136 inserted OK.
74 32039 138 inserted OK.
75 32040 139 inserted OK.
76 32041 140 inserted OK.
77 32042 140 inserted OK.
78 32043 140 inserted OK.
79 32044 140 inserted OK.
80 32045 140 inserted OK.
81 32046 140 inserted OK.
82 32047 141 inserted OK.
83 32048 142 inserted OK.
84 32049 143 inserted OK.
85 32050 151 inserted OK.
86 32051 153 inserted OK.
87 32052 155 inserted OK.
88 32053 156 inserted OK.
89 32054 157 inserted OK.
90 32055 157 inserted OK.
91 32056 158 inserted OK.
92 32057 159 inserted OK.
93 32058 161 inserted OK.
94 32059 162 inserted OK.
95 32060 163 inserted OK.
96 32061 173 inserted OK.
97 32062 176 inserted OK.
98 32063 177 inserted OK.
99 32064 180 inserted OK.
100 32065 181 inserted OK.
101 32066 181 inserted OK.
102 32067 181 inserted OK.
103 32068 181 inserted OK.
104 32069 181 inserted OK.
105 32070 181 inserted OK.
106 32071 181 inserted OK.
107 32072 181 inserted OK.
108 32073 181 inserted OK.
109 32074 181 inserted OK.
110 32075 181 inserted OK.
111 32076 181 inserted OK.
112 32077 181 inserted OK.
113 32078 181 inserted OK.
114 32079 181 inserted OK.
115 32080 181 inserted OK.
116 32081 181 inserted OK.
117 32082 181 inserted OK.
118 32083 181 inserted OK.
119 32084 181 inserted OK.
120 32085 181 inserted OK.
121 32086 181 inserted OK.
122 32087 181 inserted OK.
123 32088 181 inserted OK.
124 32089 181 inserted OK.
125 32090 181 inserted OK.
126 32091 181 inserted OK.
127 32092 181 inserted OK.
128 32093 181 inserted OK.
129 32094 181 inserted OK.
130 32095 181 inserted OK.
131 32096 181 inserted OK.
132 32097 181 inserted OK.
133 32098 181 inserted OK.
134 32099 181 inserted OK.
135 32100 181 inserted OK.
136 32101 181 inserted OK.
137 32102 181 inserted OK.
138 32103 181 inserted OK.
139 32104 181 inserted OK.
140 32105 181 inserted OK.
141 32106 181 inserted OK.
142 32107 181 inserted OK.
143 32108 181 inserted OK.
144 32109 181 inserted OK.
145 32110 181 inserted OK.
146 32111 181 inserted OK.
147 32112 181 inserted OK.
148 32113 181 inserted OK.
149 32114 181 inserted OK.
150 32115 181 inserted OK.
151 32116 181 inserted OK.
152 32117 181 inserted OK.
153 32118 182 inserted OK.
154 32119 182 inserted OK.
155 32120 182 inserted OK.
156 32121 182 inserted OK.
157 32122 185 inserted OK.
158 32123 185 inserted OK.
159 32124 185 inserted OK.
160 32125 185 inserted OK.
161 32126 186 inserted OK.
162 32127 187 inserted OK.
163 32128 187 inserted OK.
164 32129 187 inserted OK.
165 32130 195 inserted OK.
166 32131 196 inserted OK.
167 32132 197 inserted OK.
168 32133 198 inserted OK.
169 32134 199 inserted OK.
170 32135 204 inserted OK.
171 32136 205 inserted OK.
172 32137 206 inserted OK.
173 32138 207 inserted OK.
174 32139 207 inserted OK.
175 32140 208 inserted OK.
176 32141 210 inserted OK.
177 32142 211 inserted OK.
178 32143 214 inserted OK.
179 32144 216 inserted OK.
180 32145 217 inserted OK.
181 32146 218 inserted OK.
182 32147 219 inserted OK.
183 32148 220 inserted OK.
184 32149 221 inserted OK.
185 32150 222 inserted OK.
186 32151 223 inserted OK.
187 32152 224 inserted OK.
188 32153 225 inserted OK.
189 32154 228 inserted OK.
190 32155 229 inserted OK.
191 32156 230 inserted OK.
192 32157 232 inserted OK.
193 32158 232 inserted OK.
194 32159 235 inserted OK.
195 32160 237 inserted OK.
196 32161 238 inserted OK.
197 32162 241 inserted OK.
198 32163 242 inserted OK.
199 32164 244 inserted OK.
200 32165 246 inserted OK.
201 32166 248 inserted OK.
202 32167 250 inserted OK.
203 32168 251 inserted OK.
204 32169 252 inserted OK.
205 32170 253 inserted OK.
206 32171 255 inserted OK.
207 32172 256 inserted OK.
208 32173 258 inserted OK.
209 32174 259 inserted OK.
210 32175 260 inserted OK.
211 32176 261 inserted OK.
212 32177 262 inserted OK.
213 32178 264 inserted OK.
214 32179 267 inserted OK.
215 32180 268 inserted OK.
216 32181 269 inserted OK.
217 32182 271 inserted OK.
218 32183 272 inserted OK.
219 32184 274 inserted OK.
220 32185 275 inserted OK.
221 32186 276 inserted OK.
222 32187 277 inserted OK.
223 32188 278 inserted OK.
224 32189 279 inserted OK.
225 32190 280 inserted OK.
226 32191 282 inserted OK.
227 32192 283 inserted OK.
228 32193 286 inserted OK.
229 32194 290 inserted OK.
230 32195 291 inserted OK.
231 32196 293 inserted OK.
232 32197 295 inserted OK.
233 32198 296 inserted OK.
234 32199 300 inserted OK.
235 32200 301 inserted OK.
236 32201 302 inserted OK.
237 32202 303 inserted OK.
238 32203 304 inserted OK.
239 32204 306 inserted OK.
240 32205 308 inserted OK.
241 32206 309 inserted OK.
242 32207 310 inserted OK.
243 32208 311 inserted OK.
244 32209 313 inserted OK.
245 32210 315 inserted OK.
246 32211 316 inserted OK.
247 32212 317 inserted OK.
248 32213 319 inserted OK.
249 32214 320 inserted OK.
250 32215 321 inserted OK.
251 32216 323 inserted OK.
252 32217 326 inserted OK.
253 32218 331 inserted OK.
254 32219 332 inserted OK.
255 32220 337 inserted OK.
256 32221 338 inserted OK.
257 32222 339 inserted OK.
258 32223 340 inserted OK.
259 32224 341 inserted OK.
260 32225 341 inserted OK.
261 32226 349 inserted OK.
262 32227 350 inserted OK.
263 32228 353 inserted OK.
264 32229 353 inserted OK.
265 32230 354 inserted OK.
266 32231 357 inserted OK.
267 32232 358 inserted OK.
268 32233 341 inserted OK.
269 32234 367 inserted OK.
270 32235 369 inserted OK.
271 32236 371 inserted OK.
272 32237 372 inserted OK.
273 32238 373 inserted OK.
274 32239 376 inserted OK.
275 32240 384 inserted OK.
276 32241 392 inserted OK.
277 32242 397 inserted OK.
278 32243 398 inserted OK.
279 32244 399 inserted OK.
280 32245 401 inserted OK.
281 32246 402 inserted OK.
282 32247 407 inserted OK.
283 32248 417 inserted OK.
284 32249 418 inserted OK.
285 32250 421 inserted OK.
286 32251 422 inserted OK.
287 32252 426 inserted OK.
288 32253 427 inserted OK.
289 32254 428 inserted OK.
290 32255 428 inserted OK.
291 32256 432 inserted OK.
292 32257 433 inserted OK.
293 32258 433 inserted OK.
294 32259 434 inserted OK.
295 32260 435 inserted OK.
296 32261 437 inserted OK.
297 32262 440 inserted OK.
298 32263 442 inserted OK.
299 32264 445 inserted OK.
300 32265 447 inserted OK.
301 32266 449 inserted OK.
302 32267 450 inserted OK.
303 32268 451 inserted OK.
304 32269 456 inserted OK.
305 32270 457 inserted OK.
306 32271 458 inserted OK.
307 32272 459 inserted OK.
308 32273 459 inserted OK.
309 32274 460 inserted OK.
310 32275 461 inserted OK.
311 32276 465 inserted OK.
312 32277 466 inserted OK.
313 32278 467 inserted OK.
314 32279 475 inserted OK.
315 32280 481 inserted OK.
316 32281 530 inserted OK.
317 32282 497 inserted OK.
318 32283 497 inserted OK.
319 32284 499 inserted OK.
320 32285 500 inserted OK.
321 32286 505 inserted OK.
322 32287 507 inserted OK.
323 32288 509 inserted OK.
324 32289 510 inserted OK.
325 32290 512 inserted OK.
326 32291 514 inserted OK.
327 32292 516 inserted OK.
328 32293 517 inserted OK.
329 32294 518 inserted OK.
330 32295 520 inserted OK.
331 32296 528 inserted OK.
332 32297 530 inserted OK.
333 32298 530 inserted OK.
334 32299 532 inserted OK.
335 32300 535 inserted OK.
336 32301 541 inserted OK.
337 32302 544 inserted OK.
338 32303 548 inserted OK.
339 32304 549 inserted OK.
340 32305 551 inserted OK.
341 32306 551 inserted OK.
342 32307 551 inserted OK.
343 32308 554 inserted OK.
344 32309 554 inserted OK.
345 32310 554 inserted OK.
346 32311 554 inserted OK.
347 32312 555 inserted OK.
348 32313 551 inserted OK.
349 32314 558 inserted OK.
350 32315 558 inserted OK.
351 32316 558 inserted OK.
352 32317 558 inserted OK.
353 32318 558 inserted OK.
354 32319 558 inserted OK.
355 32320 558 inserted OK.
356 32321 558 inserted OK.
357 32322 558 inserted OK.
358 32323 558 inserted OK.
359 32324 558 inserted OK.
360 32325 558 inserted OK.
361 32326 559 inserted OK.
362 32327 554 inserted OK.
363 32328 561 inserted OK.
364 32329 564 inserted OK.
365 32330 566 inserted OK.
366 32331 576 inserted OK.
367 32332 577 inserted OK.
368 32333 578 inserted OK.
369 32334 579 inserted OK.
370 32335 580 inserted OK.
371 32336 582 inserted OK.
372 32337 587 inserted OK.
373 32338 594 inserted OK.
374 32339 599 inserted OK.
375 32340 601 inserted OK.
376 32341 601 inserted OK.
377 32342 603 inserted OK.
378 32343 608 inserted OK.
379 32344 614 inserted OK.
380 32345 615 inserted OK.
381 32346 616 inserted OK.
382 32347 618 inserted OK.
383 32348 622 inserted OK.
384 32349 624 inserted OK.
385 32350 631 inserted OK.
386 32351 631 inserted OK.
387 32352 631 inserted OK.
388 32353 631 inserted OK.
389 32354 631 inserted OK.
390 32355 631 inserted OK.
391 32356 631 inserted OK.
392 32357 651 inserted OK.
393 32358 658 inserted OK.
394 32359 660 inserted OK.
395 32360 661 inserted OK.
396 32361 664 inserted OK.
397 32362 665 inserted OK.
398 32363 666 inserted OK.
399 32364 671 inserted OK.
400 32365 671 inserted OK.
401 32366 674 inserted OK.
402 32367 677 inserted OK.
403 32368 680 inserted OK.
404 32369 685 inserted OK.
405 32370 686 inserted OK.
406 32371 688 inserted OK.
407 32372 690 inserted OK.
408 32373 693 inserted OK.
409 32374 701 inserted OK.
410 32375 703 inserted OK.
411 32376 705 inserted OK.
412 32377 710 inserted OK.
413 32378 718 inserted OK.
414 32379 721 inserted OK.
415 32380 727 inserted OK.
416 32381 736 inserted OK.
417 32382 736 inserted OK.
418 32383 741 inserted OK.
419 32384 744 inserted OK.
420 32385 748 inserted OK.
421 32386 748 inserted OK.
422 32387 749 inserted OK.
423 32388 750 inserted OK.
424 32389 753 inserted OK.
425 32390 756 inserted OK.
426 32391 759 inserted OK.
427 32392 760 inserted OK.
428 32393 762 inserted OK.
429 32394 763 inserted OK.
430 32395 763 inserted OK.
431 32396 763 inserted OK.
432 32397 771 inserted OK.
433 32398 773 inserted OK.
434 32399 775 inserted OK.
435 32400 776 inserted OK.
436 32401 779 inserted OK.
437 32402 784 inserted OK.
438 32403 785 inserted OK.
439 32404 787 inserted OK.
440 32405 790 inserted OK.
441 32406 793 inserted OK.
442 32407 794 inserted OK.
443 32408 797 inserted OK.
444 32409 797 inserted OK.
445 32410 797 inserted OK.
446 32411 797 inserted OK.
447 32412 799 inserted OK.
448 32413 800 inserted OK.
449 32414 802 inserted OK.
450 32415 804 inserted OK.
451 32416 813 inserted OK.
452 32417 813 inserted OK.
453 32418 816 inserted OK.
454 32419 817 inserted OK.
455 32420 819 inserted OK.
456 32421 820 inserted OK.
457 32422 822 inserted OK.
458 32423 825 inserted OK.
459 32424 827 inserted OK.
460 32425 827 inserted OK.
461 32426 836 inserted OK.
462 32427 833 inserted OK.
463 32428 833 inserted OK.
464 32429 835 inserted OK.
465 32430 836 inserted OK.
466 32431 836 inserted OK.
467 32432 836 inserted OK.
468 32433 843 inserted OK.
469 32434 846 inserted OK.
470 32435 849 inserted OK.
471 32436 854 inserted OK.
472 32437 861 inserted OK.
473 32438 867 inserted OK.
474 32439 873 inserted OK.
475 32440 874 inserted OK.
476 32441 880 inserted OK.
477 32442 885 inserted OK.
478 32443 885 inserted OK.
479 32444 885 inserted OK.
480 32445 885 inserted OK.
481 32446 886 inserted OK.
482 32447 903 inserted OK.
483 32448 911 inserted OK.
484 32449 915 inserted OK.
485 32450 917 inserted OK.
486 32451 918 inserted OK.
487 32452 918 inserted OK.
488 32453 923 inserted OK.
489 32454 927 inserted OK.
490 32455 927 inserted OK.
491 32456 933 inserted OK.
492 32457 934 inserted OK.
493 32458 935 inserted OK.
494 32459 941 inserted OK.
495 32460 941 inserted OK.
496 32461 942 inserted OK.
497 32462 943 inserted OK.
498 32463 944 inserted OK.
499 32464 948 inserted OK.
500 32465 953 inserted OK.
501 32466 960 inserted OK.
502 32467 964 inserted OK.
503 32468 965 inserted OK.
504 32469 968 inserted OK.
505 32470 976 inserted OK.
506 32471 978 inserted OK.
507 32472 979 inserted OK.
508 32473 980 inserted OK.
509 32474 981 inserted OK.
510 32475 983 inserted OK.
511 32476 988 inserted OK.
512 32477 994 inserted OK.
513 32478 999 inserted OK.
514 32479 1000 inserted OK.
515 32480 1009 inserted OK.
516 32481 1012 inserted OK.
517 32482 1019 inserted OK.
518 32483 1025 inserted OK.
519 32484 1025 inserted OK.
520 32485 1025 inserted OK.
521 32486 1027 inserted OK.
522 32487 1027 inserted OK.
523 32488 1030 inserted OK.
524 32489 1032 inserted OK.
525 32490 1034 inserted OK.
526 32491 1035 inserted OK.
527 32492 1039 inserted OK.
528 32493 1042 inserted OK.
529 32494 779 inserted OK.
530 32495 1052 inserted OK.
531 32496 1054 inserted OK.
532 32497 1058 inserted OK.
533 32498 1059 inserted OK.
534 32499 1059 inserted OK.
535 32500 1061 inserted OK.
536 32501 1062 inserted OK.
537 32502 1064 inserted OK.
538 32503 1069 inserted OK.
539 32504 1069 inserted OK.
540 32505 1069 inserted OK.
541 32506 1069 inserted OK.
542 32507 1069 inserted OK.
543 32508 1069 inserted OK.
544 32509 1073 inserted OK.
545 32510 1075 inserted OK.
546 32511 1076 inserted OK.
547 32512 1076 inserted OK.
548 32513 1076 inserted OK.
549 32514 1076 inserted OK.
550 32515 1077 inserted OK.
551 32516 1086 inserted OK.
552 32517 1091 inserted OK.
553 32518 1092 inserted OK.
554 32519 1094 inserted OK.
555 32520 1096 inserted OK.
556 32521 1102 inserted OK.
557 32522 1104 inserted OK.
558 32523 1104 inserted OK.
559 32524 1104 inserted OK.
560 32525 1104 inserted OK.
561 32526 1108 inserted OK.
562 32527 1111 inserted OK.
563 32528 1111 inserted OK.
564 32529 1111 inserted OK.
565 32530 1111 inserted OK.
566 32531 1111 inserted OK.
567 32532 1112 inserted OK.
568 32533 1115 inserted OK.
569 32534 1116 inserted OK.
570 32535 1118 inserted OK.
571 32536 1124 inserted OK.
572 32537 1124 inserted OK.
573 32538 1124 inserted OK.
574 32539 1124 inserted OK.
575 32540 1124 inserted OK.
576 32541 1124 inserted OK.
577 32542 1124 inserted OK.
578 32543 1124 inserted OK.
579 32544 1124 inserted OK.
580 32545 1124 inserted OK.
581 32546 1124 inserted OK.
582 32547 1124 inserted OK.
583 32548 1124 inserted OK.
584 32549 1124 inserted OK.
585 32550 1126 inserted OK.
586 32551 1127 inserted OK.
587 32552 1141 inserted OK.
588 32553 1142 inserted OK.
589 32554 1142 inserted OK.
590 32555 1143 inserted OK.
591 32556 1143 inserted OK.
592 32557 1144 inserted OK.
593 32558 1149 inserted OK.
594 32559 1149 inserted OK.
595 32560 1149 inserted OK.
596 32561 1159 inserted OK.
597 32562 1159 inserted OK.
598 32563 1160 inserted OK.
599 32564 1163 inserted OK.
600 32565 1166 inserted OK.
601 32566 1171 inserted OK.
602 32567 1176 inserted OK.
603 32568 1176 inserted OK.
604 32569 1176 inserted OK.
605 32570 1176 inserted OK.
606 32571 1176 inserted OK.
607 32572 1176 inserted OK.
608 32573 1176 inserted OK.
609 32574 1190 inserted OK.
610 32575 1190 inserted OK.
611 32576 1212 inserted OK.
612 32577 1216 inserted OK.
613 32578 1217 inserted OK.
614 32579 1218 inserted OK.
615 32580 1224 inserted OK.
616 32581 1227 inserted OK.
617 32582 1227 inserted OK.
618 32583 1227 inserted OK.
619 32584 1227 inserted OK.
620 32585 1227 inserted OK.
621 32586 1227 inserted OK.
622 32587 1227 inserted OK.
623 32588 1227 inserted OK.
624 32589 1227 inserted OK.
625 32590 1227 inserted OK.
626 32591 1227 inserted OK.
627 32592 1227 inserted OK.
628 32593 1227 inserted OK.
629 32594 1227 inserted OK.
630 32595 1227 inserted OK.
631 32596 1227 inserted OK.
632 32597 1227 inserted OK.
633 32598 1227 inserted OK.
634 32599 1227 inserted OK.
635 32600 1227 inserted OK.
636 32601 1228 inserted OK.
637 32602 1235 inserted OK.
638 32603 1238 inserted OK.
639 32604 1246 inserted OK.
640 32605 1256 inserted OK.
641 32606 1279 inserted OK.
642 32607 1285 inserted OK.
643 32608 1291 inserted OK.
644 32609 1292 inserted OK.
645 32610 1296 inserted OK.
646 32611 1297 inserted OK.
647 32612 1298 inserted OK.
648 32613 1303 inserted OK.
649 32614 1306 inserted OK.
650 32615 1307 inserted OK.
651 32616 1308 inserted OK.
652 32617 1313 inserted OK.
653 32618 1314 inserted OK.
654 32619 1318 inserted OK.
655 32620 1320 inserted OK.
656 32621 1320 inserted OK.
657 32622 1327 inserted OK.
658 32623 1331 inserted OK.
659 32624 1333 inserted OK.
660 32625 1336 inserted OK.
661 32626 1340 inserted OK.
662 32627 1341 inserted OK.
663 32628 1346 inserted OK.
664 32629 1348 inserted OK.
665 32630 1362 inserted OK.
666 32631 1369 inserted OK.
667 32632 1370 inserted OK.
668 32633 1371 inserted OK.
669 32634 1372 inserted OK.
670 32635 1381 inserted OK.
671 32636 1385 inserted OK.
672 32637 1390 inserted OK.
673 32638 1391 inserted OK.
674 32639 1391 inserted OK.
675 32640 1394 inserted OK.
676 32641 1396 inserted OK.
677 32642 1399 inserted OK.
678 32643 1402 inserted OK.
679 32644 1409 inserted OK.
680 32645 1414 inserted OK.
681 32646 1417 inserted OK.
682 32647 1417 inserted OK.
683 32648 1417 inserted OK.
684 32649 1417 inserted OK.
685 32650 1419 inserted OK.
686 32651 1423 inserted OK.
687 32652 1426 inserted OK.
688 32653 1429 inserted OK.
689 32654 1431 inserted OK.
690 32655 1432 inserted OK.
691 32656 1436 inserted OK.
692 32657 1436 inserted OK.
693 32658 1440 inserted OK.
694 32659 1440 inserted OK.
695 32660 1443 inserted OK.
696 32661 1445 inserted OK.
697 32662 1448 inserted OK.
698 32663 1448 inserted OK.
699 32664 1448 inserted OK.
700 32665 1450 inserted OK.
701 32666 1456 inserted OK.
702 32667 1457 inserted OK.
703 32668 1458 inserted OK.
704 32669 1459 inserted OK.
705 32670 1463 inserted OK.
706 32671 1464 inserted OK.
707 32672 1465 inserted OK.
708 32673 1466 inserted OK.
709 32674 1468 inserted OK.
710 32675 1472 inserted OK.
711 32676 1485 inserted OK.
712 32677 1501 inserted OK.
713 32678 1503 inserted OK.
714 32679 1503 inserted OK.
715 32680 1503 inserted OK.
716 32681 1503 inserted OK.
717 32682 1503 inserted OK.
718 32683 1510 inserted OK.
719 32684 1510 inserted OK.
720 32685 1510 inserted OK.
721 32686 1510 inserted OK.
722 32687 1514 inserted OK.
723 32688 1519 inserted OK.
724 32689 1520 inserted OK.
725 32690 1521 inserted OK.
726 32691 1522 inserted OK.
727 32692 1524 inserted OK.
728 32693 1527 inserted OK.
729 32694 1529 inserted OK.
730 32695 1529 inserted OK.
731 32696 1530 inserted OK.
732 32697 1534 inserted OK.
733 32698 1540 inserted OK.
734 32699 1540 inserted OK.
735 32700 1548 inserted OK.
736 32701 1548 inserted OK.
737 32702 1553 inserted OK.
738 32703 1554 inserted OK.
739 32704 1555 inserted OK.
740 32705 1555 inserted OK.
741 32706 1559 inserted OK.
742 32707 1560 inserted OK.
743 32708 1561 inserted OK.
744 32709 1569 inserted OK.
745 32710 1570 inserted OK.
746 32711 1572 inserted OK.
747 32712 1576 inserted OK.
748 32713 1579 inserted OK.
749 32714 1583 inserted OK.
750 32715 1584 inserted OK.
751 32716 1588 inserted OK.
752 32717 1594 inserted OK.
753 32718 1599 inserted OK.
754 32719 1600 inserted OK.
755 32720 1602 inserted OK.
756 32721 1607 inserted OK.
757 32722 1608 inserted OK.
758 32723 1612 inserted OK.
759 32724 1616 inserted OK.
760 32725 1616 inserted OK.
761 32726 1621 inserted OK.
762 32727 1623 inserted OK.
763 32728 1624 inserted OK.
764 32729 1629 inserted OK.
765 32730 1636 inserted OK.
766 32731 1639 inserted OK.
767 32732 1640 inserted OK.
768 32733 1641 inserted OK.
769 32734 1645 inserted OK.
770 32735 1646 inserted OK.
771 32736 1647 inserted OK.
772 32737 1652 inserted OK.
773 32738 1652 inserted OK.
774 32739 1661 inserted OK.
775 32740 1666 inserted OK.
776 32741 1672 inserted OK.
777 32742 1678 inserted OK.
778 32743 1680 inserted OK.
779 32744 1680 inserted OK.
780 32745 1680 inserted OK.
781 32746 1680 inserted OK.
782 32747 1680 inserted OK.
783 32748 1680 inserted OK.
784 32749 1680 inserted OK.
785 32750 1680 inserted OK.
786 32751 1680 inserted OK.
787 32752 1680 inserted OK.
788 32753 1680 inserted OK.
789 32754 1680 inserted OK.
790 32755 1680 inserted OK.
791 32756 1680 inserted OK.
792 32757 1680 inserted OK.
793 32758 1680 inserted OK.
794 32759 1680 inserted OK.
795 32760 1684 inserted OK.
796 32761 1688 inserted OK.
797 32762 1690 inserted OK.
798 32763 1693 inserted OK.
799 32764 1696 inserted OK.
800 32765 1703 inserted OK.
801 32766 1703 inserted OK.
802 32767 1703 inserted OK.
803 32768 1703 inserted OK.
804 32769 1703 inserted OK.
805 32770 1703 inserted OK.
806 32771 1706 inserted OK.
807 32772 1708 inserted OK.
808 32773 1709 inserted OK.
809 32774 1710 inserted OK.
810 32775 1729 inserted OK.
811 32776 1730 inserted OK.
812 32777 1735 inserted OK.
813 32778 1743 inserted OK.
814 32779 1743 inserted OK.
815 32780 1743 inserted OK.
816 32781 1743 inserted OK.
817 32782 1745 inserted OK.
818 32783 1748 inserted OK.
819 32784 1758 inserted OK.
820 32785 1761 inserted OK.
821 32786 1762 inserted OK.
822 32787 1765 inserted OK.
823 32788 1768 inserted OK.
824 32789 1772 inserted OK.
825 32790 1780 inserted OK.
826 32791 1785 inserted OK.
827 32792 1786 inserted OK.
828 32793 1791 inserted OK.
829 32794 1791 inserted OK.
830 32795 1791 inserted OK.
831 32796 1791 inserted OK.
832 32797 1792 inserted OK.
833 32798 1793 inserted OK.
834 32799 1806 inserted OK.
835 32800 1806 inserted OK.
836 32801 1809 inserted OK.
837 32802 1816 inserted OK.
838 32803 1818 inserted OK.
839 32804 1824 inserted OK.
840 32805 1825 inserted OK.
841 32806 1830 inserted OK.
842 32807 1840 inserted OK.
843 32808 1840 inserted OK.
844 32809 1840 inserted OK.
845 32810 1842 inserted OK.
846 32811 1851 inserted OK.
847 32812 1853 inserted OK.
848 32813 1854 inserted OK.
849 32814 1855 inserted OK.
850 32815 1857 inserted OK.
851 32816 1859 inserted OK.
852 32817 1862 inserted OK.
853 32818 1868 inserted OK.
854 32819 1870 inserted OK.
855 32820 1873 inserted OK.
856 32821 1874 inserted OK.
857 32822 1879 inserted OK.
858 32823 1884 inserted OK.
859 32824 1887 inserted OK.
860 32825 1888 inserted OK.
861 32826 1893 inserted OK.
862 32827 1894 inserted OK.
863 32828 1894 inserted OK.
864 32829 1894 inserted OK.
865 32830 1894 inserted OK.
866 32831 1894 inserted OK.
867 32832 1894 inserted OK.
868 32833 1903 inserted OK.
869 32834 1926 inserted OK.
870 32835 1927 inserted OK.
871 32836 1927 inserted OK.
872 32837 1928 inserted OK.
873 32838 1930 inserted OK.
874 32839 1932 inserted OK.
875 32840 1936 inserted OK.
876 32841 1936 inserted OK.
877 32842 1936 inserted OK.
878 32843 1936 inserted OK.
879 32844 1936 inserted OK.
880 32845 1936 inserted OK.
881 32846 1936 inserted OK.
882 32847 1953 inserted OK.
883 32848 1958 inserted OK.
884 32849 1965 inserted OK.
885 32850 1966 inserted OK.
886 32851 1979 inserted OK.
887 32852 1980 inserted OK.
888 32853 1989 inserted OK.
889 32854 1989 inserted OK.
890 32855 1989 inserted OK.
891 32856 1989 inserted OK.
892 32857 1989 inserted OK.
893 32858 1997 inserted OK.
894 32859 2002 inserted OK.
895 32860 2003 inserted OK.
896 32861 2016 inserted OK.
897 32862 2017 inserted OK.
898 32863 2019 inserted OK.
899 32864 2019 inserted OK.
900 32865 2019 inserted OK.
901 32866 2021 inserted OK.
902 32867 2021 inserted OK.
903 32868 2022 inserted OK.
904 32869 2023 inserted OK.
905 32870 2023 inserted OK.
906 32871 2023 inserted OK.
907 32872 2023 inserted OK.
908 32873 2023 inserted OK.
909 32874 2023 inserted OK.
910 32875 2023 inserted OK.
911 32876 2023 inserted OK.
912 32877 2031 inserted OK.
913 32878 2032 inserted OK.
914 32879 2033 inserted OK.
915 32880 2037 inserted OK.
916 32881 2038 inserted OK.
917 32882 2047 inserted OK.
918 32883 2055 inserted OK.
919 32884 2055 inserted OK.
920 32885 2055 inserted OK.
921 32886 2055 inserted OK.
922 32887 2055 inserted OK.
923 32888 2055 inserted OK.
924 32889 2055 inserted OK.
925 32890 2055 inserted OK.
926 32891 2055 inserted OK.
927 32892 2382 inserted OK.
928 32893 2382 inserted OK.
929 32894 2382 inserted OK.
930 32895 2382 inserted OK.
931 32896 2382 inserted OK.
932 32897 2076 inserted OK.
933 32898 2077 inserted OK.
934 32899 2077 inserted OK.
935 32900 2077 inserted OK.
936 32901 2077 inserted OK.
937 32902 2081 inserted OK.
938 32903 2092 inserted OK.
939 32904 2100 inserted OK.
940 32905 2102 inserted OK.
941 32906 2092 inserted OK.
942 32907 2092 inserted OK.
943 32908 2111 inserted OK.
944 32909 2116 inserted OK.
945 32910 2117 inserted OK.
946 32911 2118 inserted OK.
947 32912 2119 inserted OK.
948 32913 2124 inserted OK.
949 32914 2128 inserted OK.
950 32915 2128 inserted OK.
951 32916 2129 inserted OK.
952 32917 2130 inserted OK.
953 32918 2137 inserted OK.
954 32919 2139 inserted OK.
955 32920 2139 inserted OK.
956 32921 2146 inserted OK.
957 32922 2156 inserted OK.
958 32923 2160 inserted OK.
959 32924 2157 inserted OK.
960 32925 2175 inserted OK.
961 32926 2177 inserted OK.
962 32927 2184 inserted OK.
963 32928 2190 inserted OK.
964 32929 2191 inserted OK.
965 32930 2194 inserted OK.
966 32931 2201 inserted OK.
967 32932 2208 inserted OK.
968 32933 2207 inserted OK.
969 32934 2208 inserted OK.
970 32935 2212 inserted OK.
971 32936 2231 inserted OK.
972 32937 2232 inserted OK.
973 32938 2233 inserted OK.
974 32939 2233 inserted OK.
975 32940 2234 inserted OK.
976 32941 2235 inserted OK.
977 32942 2238 inserted OK.
978 32943 2245 inserted OK.
979 32944 2246 inserted OK.
980 32945 2246 inserted OK.
981 32946 2246 inserted OK.
982 32947 2249 inserted OK.
983 32948 2256 inserted OK.
984 32949 2267 inserted OK.
985 32950 2267 inserted OK.
986 32951 2267 inserted OK.
987 32952 2298 inserted OK.
988 32953 2304 inserted OK.
989 32954 2321 inserted OK.
990 32955 2330 inserted OK.
991 32956 2333 inserted OK.
992 32957 2382 inserted OK.
993 32958 2382 inserted OK.
994 32959 2382 inserted OK.
995 32960 2359 inserted OK.
996 32961 2361 inserted OK.
997 32962 2382 inserted OK.
998 32963 2382 inserted OK.
999 32964 2382 inserted OK.
1000 32965 2382 inserted OK.
1001 32966 2382 inserted OK.
1002 32967 2382 inserted OK.
1003 32968 2382 inserted OK.
1004 32969 2382 inserted OK.
1005 32970 2382 inserted OK.
1006 32971 2382 inserted OK.
1007 32972 2382 inserted OK.
1008 32973 2382 inserted OK.
1009 32974 2382 inserted OK.
1010 32975 2382 inserted OK.
1011 32976 2382 inserted OK.
1012 32977 2382 inserted OK.
1013 32978 2382 inserted OK.
1014 32979 2416 inserted OK.
1015 32980 2382 inserted OK.
1016 32981 2419 inserted OK.
1017 32982 2382 inserted OK.
1018 32983 2427 inserted OK.
1019 32984 2428 inserted OK.
1020 32985 2431 inserted OK.
1021 32986 2432 inserted OK.
1022 32987 2382 inserted OK.
1023 32988 2434 inserted OK.
1024 32989 2382 inserted OK.
1025 32990 2383 inserted OK.
1026 32991 2382 inserted OK.
1027 32992 2382 inserted OK.
1028 32993 2444 inserted OK.
1029 32994 2382 inserted OK.
1030 32995 2382 inserted OK.
1031 32996 2382 inserted OK.
1032 32997 2382 inserted OK.
1033 32998 2454 inserted OK.
1034 32999 2455 inserted OK.
1035 33000 2455 inserted OK.
1036 33001 2459 inserted OK.
1037 33002 2382 inserted OK.
1038 33003 2382 inserted OK.
1039 33004 2475 inserted OK.
1040 33005 2480 inserted OK.
1041 33006 2482 inserted OK.
1042 33007 2382 inserted OK.
1043 33008 2382 inserted OK.
1044 33009 2382 inserted OK.
1045 33010 2382 inserted OK.
1046 33011 2382 inserted OK.
1047 33012 2500 inserted OK.
1048 33013 2500 inserted OK.
1049 33014 2500 inserted OK.
1050 33015 2504 inserted OK.
1051 33016 2505 inserted OK.
1052 33017 2507 inserted OK.
1053 33018 2508 inserted OK.
1054 33019 2511 inserted OK.
1055 33020 2512 inserted OK.
1056 33021 2515 inserted OK.
1057 33022 2516 inserted OK.
1058 33023 2525 inserted OK.
1059 33024 2526 inserted OK.
1060 33025 2526 inserted OK.
1061 33026 2529 inserted OK.
1062 33027 2538 inserted OK.
1063 33028 2539 inserted OK.
1064 33029 2539 inserted OK.
1065 33030 2544 inserted OK.
1066 33031 2544 inserted OK.
1067 33032 2559 inserted OK.
1068 33033 2562 inserted OK.
1069 33034 2562 inserted OK.
1070 33035 2563 inserted OK.
1071 33036 2565 inserted OK.
1072 33037 2565 inserted OK.
1073 33038 2567 inserted OK.
1074 33039 2572 inserted OK.
1075 33040 2583 inserted OK.
1076 33041 2584 inserted OK.
1077 33042 2586 inserted OK.
1078 33043 2587 inserted OK.
1079 33044 2594 inserted OK.
1080 33045 2595 inserted OK.
1081 33046 2596 inserted OK.
1082 33047 2601 inserted OK.
1083 33048 2610 inserted OK.
1084 33049 2612 inserted OK.
1085 33050 2617 inserted OK.
1086 33051 2619 inserted OK.
1087 33052 2648 inserted OK.
1088 33053 2700 inserted OK.
1089 33054 2724 inserted OK.
1090 33055 2730 inserted OK.
1091 33056 2734 inserted OK.
1092 33057 2739 inserted OK.
1093 33058 2741 inserted OK.
1094 33059 2743 inserted OK.
1095 33060 2749 inserted OK.
1096 33061 2752 inserted OK.
1097 33062 2753 inserted OK.
1098 33063 2755 inserted OK.
1099 33064 2760 inserted OK.
1100 33065 2761 inserted OK.
1101 33066 2763 inserted OK.
1102 33067 2764 inserted OK.
1103 33068 2766 inserted OK.
1104 33069 2810 inserted OK.
1105 33070 2831 inserted OK.
1106 33071 2850 inserted OK.
1107 33072 2871 inserted OK.
1108 33073 3006 inserted OK.
1109 33074 3009 inserted OK.
1110 33075 3010 inserted OK.
1111 33076 3011 inserted OK.
1112 33077 3017 inserted OK.
1113 33078 3018 inserted OK.
1114 33079 3019 inserted OK.
1115 33080 3019 inserted OK.
1116 33081 3021 inserted OK.
1117 33082 3031 inserted OK.
1118 33083 3033 inserted OK.
1119 33084 3036 inserted OK.
1120 33085 3038 inserted OK.
1121 33086 3039 inserted OK.
1122 33087 3040 inserted OK.
1123 33088 3045 inserted OK.
1124 33089 3048 inserted OK.
1125 33090 3050 inserted OK.
1126 33091 3051 inserted OK.
1127 33092 3053 inserted OK.
1128 33093 3054 inserted OK.
1129 33094 3056 inserted OK.
1130 33095 3058 inserted OK.
1131 33096 3060 inserted OK.
1132 33097 3060 inserted OK.
1133 33098 3067 inserted OK.
1134 33099 3071 inserted OK.
1135 33100 3072 inserted OK.
1136 33101 3073 inserted OK.
1137 33102 3074 inserted OK.
1138 33103 3079 inserted OK.
1139 33104 3080 inserted OK.
1140 33105 3080 inserted OK.
1141 33106 3083 inserted OK.
1142 33107 3092 inserted OK.
1143 33108 3094 inserted OK.
1144 33109 3099 inserted OK.
1145 33110 3101 inserted OK.
1146 33111 3103 inserted OK.
1147 33112 3104 inserted OK.
1148 33113 3105 inserted OK.
1149 33114 3106 inserted OK.
1150 33115 3110 inserted OK.
1151 33116 3116 inserted OK.
1152 33117 3119 inserted OK.
1153 33118 3121 inserted OK.
1154 33119 3123 inserted OK.
1155 33120 3126 inserted OK.
1156 33121 3126 inserted OK.
1157 33122 3132 inserted OK.
1158 33123 3134 inserted OK.
1159 33124 3138 inserted OK.
1160 33125 3139 inserted OK.
1161 33126 3140 inserted OK.
1162 33127 3154 inserted OK.
1163 33128 3156 inserted OK.
1164 33129 3159 inserted OK.
1165 33130 3159 inserted OK.
1166 33131 3159 inserted OK.
1167 33132 3159 inserted OK.
1168 33133 3159 inserted OK.
1169 33134 3159 inserted OK.
1170 33135 3159 inserted OK.
1171 33136 3159 inserted OK.
1172 33137 3160 inserted OK.
1173 33138 3205 inserted OK.
1174 33139 3206 inserted OK.
1175 33140 3206 inserted OK.
1176 33141 3210 inserted OK.
1177 33142 3210 inserted OK.
1178 33143 3212 inserted OK.
1179 33144 3220 inserted OK.
1180 33145 3228 inserted OK.
1181 33146 3229 inserted OK.
1182 33147 3229 inserted OK.
1183 33148 3229 inserted OK.
1184 33149 3229 inserted OK.
1185 33150 3229 inserted OK.
1186 33151 3229 inserted OK.
1187 33152 3229 inserted OK.
1188 33153 3229 inserted OK.
1189 33154 3229 inserted OK.
1190 33155 3229 inserted OK.
1191 33156 3229 inserted OK.
1192 33157 3229 inserted OK.
1193 33158 3229 inserted OK.
1194 33159 3229 inserted OK.
1195 33160 3229 inserted OK.
1196 33161 3229 inserted OK.
1197 33162 3229 inserted OK.
1198 33163 3229 inserted OK.
1199 33164 3229 inserted OK.
1200 33165 3229 inserted OK.
1201 33166 3229 inserted OK.
1202 33167 3229 inserted OK.
1203 33168 3229 inserted OK.
1204 33169 3229 inserted OK.
1205 33170 3229 inserted OK.
1206 33171 3229 inserted OK.
1207 33172 3229 inserted OK.
1208 33173 3229 inserted OK.
1209 33174 3229 inserted OK.
1210 33175 3229 inserted OK.
1211 33176 3229 inserted OK.
1212 33177 3229 inserted OK.
1213 33178 3229 inserted OK.
1214 33179 3229 inserted OK.
1215 33180 3229 inserted OK.
1216 33181 3229 inserted OK.
1217 33182 3229 inserted OK.
1218 33183 3229 inserted OK.
1219 33184 3229 inserted OK.
1220 33185 3229 inserted OK.
1221 33186 3229 inserted OK.
1222 33187 3229 inserted OK.
1223 33188 3229 inserted OK.
1224 33189 3229 inserted OK.
1225 33190 3229 inserted OK.
1226 33191 3229 inserted OK.
1227 33192 3229 inserted OK.
1228 33193 3229 inserted OK.
1229 33194 3229 inserted OK.
1230 33195 3229 inserted OK.
1231 33196 3229 inserted OK.
1232 33197 3229 inserted OK.
1233 33198 3229 inserted OK.
1234 33199 3229 inserted OK.
1235 33200 3229 inserted OK.
1236 33201 3229 inserted OK.
1237 33202 3229 inserted OK.
1238 33203 3229 inserted OK.
1239 33204 3229 inserted OK.
1240 33205 3229 inserted OK.
1241 33206 3229 inserted OK.
1242 33207 3229 inserted OK.
1243 33208 3229 inserted OK.
1244 33209 3229 inserted OK.
1245 33210 3229 inserted OK.
1246 33211 3229 inserted OK.
1247 33212 3230 inserted OK.
1248 33213 3230 inserted OK.
1249 33214 3232 inserted OK.
1250 33215 3239 inserted OK.
1251 33216 3240 inserted OK.
1252 33217 3240 inserted OK.
1253 33218 3247 inserted OK.
1254 33219 3248 inserted OK.
1255 33220 3248 inserted OK.
1256 33221 3253 inserted OK.
1257 33222 3254 inserted OK.
1258 33223 3263 inserted OK.
1259 33224 3269 inserted OK.
1260 33225 3269 inserted OK.
1261 33226 3270 inserted OK.
1262 33227 3271 inserted OK.
1263 33228 3271 inserted OK.
1264 33229 3272 inserted OK.
1265 33230 3278 inserted OK.
1266 33231 3282 inserted OK.
1267 33232 3283 inserted OK.
1268 33233 3287 inserted OK.
1269 33234 3287 inserted OK.
1270 33235 3292 inserted OK.
1271 33236 3293 inserted OK.
1272 33237 3294 inserted OK.
1273 33238 3294 inserted OK.
1274 33239 3302 inserted OK.
1275 33240 3302 inserted OK.
1276 33241 3310 inserted OK.
1277 33242 3311 inserted OK.
1278 33243 3315 inserted OK.
1279 33244 3316 inserted OK.
1280 33245 3321 inserted OK.
1281 33246 3322 inserted OK.
1282 33247 3324 inserted OK.
1283 33248 3328 inserted OK.
1284 33249 3329 inserted OK.
1285 33250 3408 inserted OK.
1286 33251 3410 inserted OK.
1287 33252 3421 inserted OK.
1288 33253 3481 inserted OK.
1289 33254 3482 inserted OK.
1290 33255 3562 inserted OK.
1291 33256 3570 inserted OK.
1292 33257 3600 inserted OK.
1293 33258 3602 inserted OK.
1294 33259 3603 inserted OK.
1295 33260 1989 inserted OK.
1296 33261 3610 inserted OK.
1297 33262 3611 inserted OK.
1298 33263 3801 inserted OK.
1299 33264 3806 inserted OK.
1300 33265 3808 inserted OK.
1301 33266 3809 inserted OK.
1302 33267 3820 inserted OK.
1303 33268 3821 inserted OK.
1304 33269 3823 inserted OK.
1305 33270 3829 inserted OK.
1306 33271 3833 inserted OK.
1307 33272 3833 inserted OK.
1308 33273 3890 inserted OK.
1309 33274 4000 inserted OK.
1310 33275 4003 inserted OK.
1311 33276 4004 inserted OK.
1312 33277 4009 inserted OK.
1313 33278 4100 inserted OK.
1314 33279 4100 inserted OK.
1315 33280 4100 inserted OK.
1316 33281 4100 inserted OK.
1317 33282 4405 inserted OK.
1318 33283 4408 inserted OK.
1319 33284 4412 inserted OK.
1320 33285 4500 inserted OK.
1321 33286 4510 inserted OK.
1322 33287 4512 inserted OK.
1323 33288 4601 inserted OK.
1324 33289 4620 inserted OK.
1325 33290 4806 inserted OK.
1326 33291 5000 inserted OK.
1327 33292 5504 inserted OK.
1328 33293 5506 inserted OK.
1329 33294 5507 inserted OK.
1330 33295 5508 inserted OK.
1331 33296 5510 inserted OK.
1332 33297 5513 inserted OK.
1333 33298 5514 inserted OK.
1334 33299 5515 inserted OK.
1335 33300 5518 inserted OK.
1336 33301 5521 inserted OK.
1337 33302 5522 inserted OK.
1338 33303 5525 inserted OK.
1339 33304 5526 inserted OK.
1340 33305 5527 inserted OK.
1341 33306 5529 inserted OK.
1342 33307 5533 inserted OK.
1343 33308 5604 inserted OK.
1344 33309 5631 inserted OK.
1345 33310 5632 inserted OK.
1346 33311 5633 inserted OK.
1347 33312 5634 inserted OK.
1348 33313 5635 inserted OK.
1349 33314 5636 inserted OK.
1350 33315 5637 inserted OK.
1351 33316 5638 inserted OK.
1352 33317 5639 inserted OK.
1353 33318 5640 inserted OK.
1354 33319 5641 inserted OK.
1355 33320 5642 inserted OK.
1356 33321 5643 inserted OK.
1357 33322 5644 inserted OK.
1358 33323 5650 inserted OK.
1359 33324 5651 inserted OK.
1360 33325 5652 inserted OK.
1361 33326 361 inserted OK.
1362 33327 1803 inserted OK.
1363 33328 1975 inserted OK.
1364 33329 2422 inserted OK.
1365 33330 2585 inserted OK.
1366 33331 3002 inserted OK.
1367 33332 3005 inserted OK.
1368 33333 3029 inserted OK.
